Test batch size: 10000
Loading fashion-mnist data...Done
Loading model...Done
Conv-GPU==
==PROF== Connected to process 3206001 (/u/chen30/ece408git/Project/m3)
==PROF== Profiling "prefn_marker_kernel()" - 0: 0%....50%....100% - 34 passes
==PROF== Profiling "fused_conv_kernel" - 1: 0%....50%....100% - 34 passes
==PROF== Profiling "fused_conv_kernel" - 2: 0%....50%....100% - 34 passes
==PROF== Profiling "fused_conv_kernel" - 3: 0%....50%....100% - 34 passes
==PROF== Profiling "fused_conv_kernel" - 4: 0%....50%....100% - 34 passes
==PROF== Profiling "fused_conv_kernel" - 5: 0%....50%....100% - 34 passes
==PROF== Profiling "fused_conv_kernel" - 6: 0%....50%....100% - 34 passes
==PROF== Profiling "fused_conv_kernel" - 7: 0%....50%....100% - 34 passes
==PROF== Profiling "fused_conv_kernel" - 8: 0%....50%....100% - 34 passes
==PROF== Profiling "fused_conv_kernel" - 9: 0%....50%....100% - 34 passes
==PROF== Profiling "fused_conv_kernel" - 10: 0%....50%....100% - 34 passes
==PROF== Profiling "do_not_remove_this_kernel()" - 11: 0%....50%....100% - 34 passes
Layer Time: 25369.2 ms
Op Time: 25190.6 ms
Conv-GPU==
==PROF== Profiling "prefn_marker_kernel()" - 12: 0%....50%....100% - 34 passes
==PROF== Profiling "fused_conv_kernel" - 13: 0%....50%....100% - 34 passes
==PROF== Profiling "fused_conv_kernel" - 14: 0%....50%....100% - 34 passes
==PROF== Profiling "fused_conv_kernel" - 15: 0%....50%....100% - 34 passes
==PROF== Profiling "fused_conv_kernel" - 16: 0%....50%....100% - 34 passes
==PROF== Profiling "fused_conv_kernel" - 17: 0%....50%....100% - 34 passes
==PROF== Profiling "fused_conv_kernel" - 18: 0%....50%....100% - 34 passes
==PROF== Profiling "fused_conv_kernel" - 19: 0%....50%....100% - 34 passes
==PROF== Profiling "fused_conv_kernel" - 20: 0%....50%....100% - 34 passes
==PROF== Profiling "fused_conv_kernel" - 21: 0%....50%....100% - 34 passes
==PROF== Profiling "fused_conv_kernel" - 22: 0%....50%....100% - 34 passes
==PROF== Profiling "do_not_remove_this_kernel()" - 23: 0%....50%....100% - 34 passes
Layer Time: 26948.1 ms
Op Time: 26816.9 ms

Test Accuracy: 0.8714

==PROF== Disconnected from process 3206001
==PROF== Report: /u/chen30/ece408git/Project/analysis_file.ncu-rep
